cl : command line  warning D9035: option 'Gm' has been deprecated and will be removed in a future release
  DODVisualisation.cpp
C:\Users\User\Desktop\Uni work\UClan-Masters\Games Engineering\Assignment\AssignmentVisualised\DODVisualisation\DODVisualisation.cpp(60,27): warning C4244: '=': conversion from 'int' to 'float', possible loss of data
C:\Users\User\Desktop\Uni work\UClan-Masters\Games Engineering\Assignment\AssignmentVisualised\DODVisualisation\DODVisualisation.cpp(67,19): warning C4244: '=': conversion from 'int' to 'float', possible loss of data
C:\Users\User\Desktop\Uni work\UClan-Masters\Games Engineering\Assignment\AssignmentVisualised\DODVisualisation\DODVisualisation.cpp(68,19): warning C4244: '=': conversion from 'int' to 'float', possible loss of data
C:\Users\User\Desktop\Uni work\UClan-Masters\Games Engineering\Assignment\AssignmentVisualised\DODVisualisation\DODVisualisation.cpp(80,22): warning C4244: '=': conversion from 'int' to 'float', possible loss of data
C:\Users\User\Desktop\Uni work\UClan-Masters\Games Engineering\Assignment\AssignmentVisualised\DODVisualisation\DODVisualisation.cpp(81,22): warning C4244: '=': conversion from 'int' to 'float', possible loss of data
C:\Users\User\Desktop\Uni work\UClan-Masters\Games Engineering\Assignment\AssignmentVisualised\DODVisualisation\DODVisualisation.cpp(952,43): warning C4244: '+=': conversion from '_Rep' to 'long', possible loss of data
          with
          [
              _Rep=__int64
          ]
TL-Engine2019Debug.lib(TL-Engine.obj) : warning LNK4099: PDB '' was not found with 'TL-Engine2019Debug.lib(TL-Engine.obj)' or at ''; linking object as if no debug info
TL-Engine2019Debug.lib(Errors.obj) : warning LNK4099: PDB '' was not found with 'TL-Engine2019Debug.lib(Errors.obj)' or at ''; linking object as if no debug info
TL-Engine2019Debug.lib(TLXSprite.obj) : warning LNK4099: PDB '' was not found with 'TL-Engine2019Debug.lib(TLXSprite.obj)' or at ''; linking object as if no debug info
TL-Engine2019Debug.lib(TLXSceneNode.obj) : warning LNK4099: PDB '' was not found with 'TL-Engine2019Debug.lib(TLXSceneNode.obj)' or at ''; linking object as if no debug info
TL-Engine2019Debug.lib(TLXModelNode.obj) : warning LNK4099: PDB '' was not found with 'TL-Engine2019Debug.lib(TLXModelNode.obj)' or at ''; linking object as if no debug info
TL-Engine2019Debug.lib(TLXModel.obj) : warning LNK4099: PDB '' was not found with 'TL-Engine2019Debug.lib(TLXModel.obj)' or at ''; linking object as if no debug info
TL-Engine2019Debug.lib(TLXMesh.obj) : warning LNK4099: PDB '' was not found with 'TL-Engine2019Debug.lib(TLXMesh.obj)' or at ''; linking object as if no debug info
TL-Engine2019Debug.lib(TLXLight.obj) : warning LNK4099: PDB '' was not found with 'TL-Engine2019Debug.lib(TLXLight.obj)' or at ''; linking object as if no debug info
TL-Engine2019Debug.lib(TLXFont.obj) : warning LNK4099: PDB '' was not found with 'TL-Engine2019Debug.lib(TLXFont.obj)' or at ''; linking object as if no debug info
TL-Engine2019Debug.lib(TLXEngine.obj) : warning LNK4099: PDB '' was not found with 'TL-Engine2019Debug.lib(TLXEngine.obj)' or at ''; linking object as if no debug info
TL-Engine2019Debug.lib(TLXCamera.obj) : warning LNK4099: PDB '' was not found with 'TL-Engine2019Debug.lib(TLXCamera.obj)' or at ''; linking object as if no debug info
TL-Engine2019Debug.lib(IrrlichtSceneNode.obj) : warning LNK4099: PDB '' was not found with 'TL-Engine2019Debug.lib(IrrlichtSceneNode.obj)' or at ''; linking object as if no debug info
TL-Engine2019Debug.lib(IrrlichtModel.obj) : warning LNK4099: PDB '' was not found with 'TL-Engine2019Debug.lib(IrrlichtModel.obj)' or at ''; linking object as if no debug info
TL-Engine2019Debug.lib(IrrlichtMesh.obj) : warning LNK4099: PDB '' was not found with 'TL-Engine2019Debug.lib(IrrlichtMesh.obj)' or at ''; linking object as if no debug info
TL-Engine2019Debug.lib(IrrlichtLight.obj) : warning LNK4099: PDB '' was not found with 'TL-Engine2019Debug.lib(IrrlichtLight.obj)' or at ''; linking object as if no debug info
TL-Engine2019Debug.lib(IrrlichtInput.obj) : warning LNK4099: PDB '' was not found with 'TL-Engine2019Debug.lib(IrrlichtInput.obj)' or at ''; linking object as if no debug info
TL-Engine2019Debug.lib(IrrlichtFont.obj) : warning LNK4099: PDB '' was not found with 'TL-Engine2019Debug.lib(IrrlichtFont.obj)' or at ''; linking object as if no debug info
TL-Engine2019Debug.lib(IrrlichtEngine.obj) : warning LNK4099: PDB '' was not found with 'TL-Engine2019Debug.lib(IrrlichtEngine.obj)' or at ''; linking object as if no debug info
TL-Engine2019Debug.lib(IrrlichtCamera.obj) : warning LNK4099: PDB '' was not found with 'TL-Engine2019Debug.lib(IrrlichtCamera.obj)' or at ''; linking object as if no debug info
  DODVisualisation.vcxproj -> C:\Users\User\Desktop\Uni work\UClan-Masters\Games Engineering\Assignment\AssignmentVisualised\DODVisualisation\DODVisualisationDebug.exe
  Copying DLLs & shaders...
